<?xml version="1.0" encoding="UTF-8"?>
<robot generator="Robot 6.1.1 (Python 3.10.8 on win32)" generated="20231108 09:01:53.255" rpa="false" schemaversion="4">
<suite id="s1" name="DatadrivenTest" source="E:\InterviewPreparations\Python\RobotAutomation\TestCases\DatadrivenTest.robot">
<test id="s1-t1" name="LoginLogout DatadrivenTest" line="11">
<kw name="Open Browser" library="SeleniumLibrary">
<arg>${url}</arg>
<arg>chrome</arg>
<doc>Opens a new browser instance to the optional ``url``.</doc>
<msg timestamp="20231108 09:01:53.849" level="INFO">Opening browser 'chrome' to base url 'https://www.facebook.com/campaign/landing.php'.</msg>
<status status="PASS" starttime="20231108 09:01:53.849" endtime="20231108 09:01:58.908"/>
</kw>
<kw name="Maximize Browser Window" library="SeleniumLibrary">
<doc>Maximizes current browser window.</doc>
<status status="PASS" starttime="20231108 09:01:58.910" endtime="20231108 09:01:59.059"/>
</kw>
<kw name="Read Number Of Rows" library="User_defined_Keywords">
<var>${row}</var>
<arg>Test</arg>
<kw name="Fetch Max Rows" library="DataDrivenMethods">
<var>${rows}</var>
<arg>${Sheetname}</arg>
<msg timestamp="20231108 09:01:59.061" level="INFO">${rows} = 6</msg>
<status status="PASS" starttime="20231108 09:01:59.060" endtime="20231108 09:01:59.061"/>
</kw>
<msg timestamp="20231108 09:01:59.062" level="INFO">${row} = 6</msg>
<status status="PASS" starttime="20231108 09:01:59.059" endtime="20231108 09:01:59.062"/>
</kw>
<kw name="Log" library="BuiltIn">
<arg>${row}</arg>
<doc>Logs the given message with the given level.</doc>
<msg timestamp="20231108 09:01:59.063" level="INFO">6</msg>
<status status="PASS" starttime="20231108 09:01:59.062" endtime="20231108 09:01:59.063"/>
</kw>
<for flavor="IN RANGE">
<var>${i}</var>
<value>1</value>
<value>${row}+1</value>
<iter>
<var name="${i}">1</var>
<kw name="Read Excel Data" library="User_defined_Keywords">
<var>${Firstname}</var>
<arg>Test</arg>
<arg>${i}</arg>
<arg>1</arg>
<kw name="Fetch CellData" library="DataDrivenMethods">
<var>${cellData}</var>
<arg>${Sheetname}</arg>
<arg>${row}</arg>
<arg>${column}</arg>
<msg timestamp="20231108 09:01:59.066" level="INFO">${cellData} = Firstname</msg>
<status status="PASS" starttime="20231108 09:01:59.065" endtime="20231108 09:01:59.066"/>
</kw>
<msg timestamp="20231108 09:01:59.066" level="INFO">${Firstname} = Firstname</msg>
<status status="PASS" starttime="20231108 09:01:59.064" endtime="20231108 09:01:59.066"/>
</kw>
<kw name="Read Excel Data" library="User_defined_Keywords">
<var>${Surname}</var>
<arg>Test</arg>
<arg>${i}</arg>
<arg>2</arg>
<kw name="Fetch CellData" library="DataDrivenMethods">
<var>${cellData}</var>
<arg>${Sheetname}</arg>
<arg>${row}</arg>
<arg>${column}</arg>
<msg timestamp="20231108 09:01:59.068" level="INFO">${cellData} = Surname</msg>
<status status="PASS" starttime="20231108 09:01:59.067" endtime="20231108 09:01:59.068"/>
</kw>
<msg timestamp="20231108 09:01:59.069" level="INFO">${Surname} = Surname</msg>
<status status="PASS" starttime="20231108 09:01:59.066" endtime="20231108 09:01:59.069"/>
</kw>
<kw name="Read Excel Data" library="User_defined_Keywords">
<var>${Mobile}</var>
<arg>Test</arg>
<arg>${i}</arg>
<arg>3</arg>
<kw name="Fetch CellData" library="DataDrivenMethods">
<var>${cellData}</var>
<arg>${Sheetname}</arg>
<arg>${row}</arg>
<arg>${column}</arg>
<msg timestamp="20231108 09:01:59.074" level="INFO">${cellData} = MobileNumber</msg>
<status status="PASS" starttime="20231108 09:01:59.072" endtime="20231108 09:01:59.075"/>
</kw>
<msg timestamp="20231108 09:01:59.075" level="INFO">${Mobile} = MobileNumber</msg>
<status status="PASS" starttime="20231108 09:01:59.070" endtime="20231108 09:01:59.075"/>
</kw>
<kw name="Input Text" library="SeleniumLibrary">
<arg>name:firstname</arg>
<arg>${Firstname}</arg>
<doc>Types the given ``text`` into the text field identified by ``locator``.</doc>
<msg timestamp="20231108 09:01:59.078" level="INFO">Typing text 'Firstname' into text field 'name:firstname'.</msg>
<status status="PASS" starttime="20231108 09:01:59.076" endtime="20231108 09:01:59.350"/>
</kw>
<kw name="Input Text" library="SeleniumLibrary">
<arg>name:lastname</arg>
<arg>${Surname}</arg>
<doc>Types the given ``text`` into the text field identified by ``locator``.</doc>
<msg timestamp="20231108 09:01:59.354" level="INFO">Typing text 'Surname' into text field 'name:lastname'.</msg>
<status status="PASS" starttime="20231108 09:01:59.350" endtime="20231108 09:01:59.566"/>
</kw>
<kw name="Input Text" library="SeleniumLibrary">
<arg>name:reg_email__</arg>
<arg>${Mobile}</arg>
<doc>Types the given ``text`` into the text field identified by ``locator``.</doc>
<msg timestamp="20231108 09:01:59.570" level="INFO">Typing text 'MobileNumber' into text field 'name:reg_email__'.</msg>
<status status="PASS" starttime="20231108 09:01:59.567" endtime="20231108 09:01:59.755"/>
</kw>
<kw name="Click Button" library="SeleniumLibrary">
<arg>name:websubmit</arg>
<doc>Clicks the button identified by ``locator``.</doc>
<msg timestamp="20231108 09:01:59.755" level="INFO">Clicking button 'name:websubmit'.</msg>
<status status="PASS" starttime="20231108 09:01:59.755" endtime="20231108 09:01:59.923"/>
</kw>
<status status="PASS" starttime="20231108 09:01:59.064" endtime="20231108 09:01:59.923"/>
</iter>
<iter>
<var name="${i}">2</var>
<kw name="Read Excel Data" library="User_defined_Keywords">
<var>${Firstname}</var>
<arg>Test</arg>
<arg>${i}</arg>
<arg>1</arg>
<kw name="Fetch CellData" library="DataDrivenMethods">
<var>${cellData}</var>
<arg>${Sheetname}</arg>
<arg>${row}</arg>
<arg>${column}</arg>
<msg timestamp="20231108 09:01:59.923" level="INFO">${cellData} = Vandana01</msg>
<status status="PASS" starttime="20231108 09:01:59.923" endtime="20231108 09:01:59.923"/>
</kw>
<msg timestamp="20231108 09:01:59.923" level="INFO">${Firstname} = Vandana01</msg>
<status status="PASS" starttime="20231108 09:01:59.923" endtime="20231108 09:01:59.923"/>
</kw>
<kw name="Read Excel Data" library="User_defined_Keywords">
<var>${Surname}</var>
<arg>Test</arg>
<arg>${i}</arg>
<arg>2</arg>
<kw name="Fetch CellData" library="DataDrivenMethods">
<var>${cellData}</var>
<arg>${Sheetname}</arg>
<arg>${row}</arg>
<arg>${column}</arg>
<msg timestamp="20231108 09:01:59.923" level="INFO">${cellData} = NAir01</msg>
<status status="PASS" starttime="20231108 09:01:59.923" endtime="20231108 09:01:59.923"/>
</kw>
<msg timestamp="20231108 09:01:59.923" level="INFO">${Surname} = NAir01</msg>
<status status="PASS" starttime="20231108 09:01:59.923" endtime="20231108 09:01:59.923"/>
</kw>
<kw name="Read Excel Data" library="User_defined_Keywords">
<var>${Mobile}</var>
<arg>Test</arg>
<arg>${i}</arg>
<arg>3</arg>
<kw name="Fetch CellData" library="DataDrivenMethods">
<var>${cellData}</var>
<arg>${Sheetname}</arg>
<arg>${row}</arg>
<arg>${column}</arg>
<msg timestamp="20231108 09:01:59.923" level="INFO">${cellData} = 7829844595</msg>
<status status="PASS" starttime="20231108 09:01:59.923" endtime="20231108 09:01:59.923"/>
</kw>
<msg timestamp="20231108 09:01:59.923" level="INFO">${Mobile} = 7829844595</msg>
<status status="PASS" starttime="20231108 09:01:59.923" endtime="20231108 09:01:59.923"/>
</kw>
<kw name="Input Text" library="SeleniumLibrary">
<arg>name:firstname</arg>
<arg>${Firstname}</arg>
<doc>Types the given ``text`` into the text field identified by ``locator``.</doc>
<msg timestamp="20231108 09:01:59.935" level="INFO">Typing text 'Vandana01' into text field 'name:firstname'.</msg>
<status status="PASS" starttime="20231108 09:01:59.934" endtime="20231108 09:02:00.145"/>
</kw>
<kw name="Input Text" library="SeleniumLibrary">
<arg>name:lastname</arg>
<arg>${Surname}</arg>
<doc>Types the given ``text`` into the text field identified by ``locator``.</doc>
<msg timestamp="20231108 09:02:00.149" level="INFO">Typing text 'NAir01' into text field 'name:lastname'.</msg>
<status status="PASS" starttime="20231108 09:02:00.146" endtime="20231108 09:02:00.359"/>
</kw>
<kw name="Input Text" library="SeleniumLibrary">
<arg>name:reg_email__</arg>
<arg>${Mobile}</arg>
<doc>Types the given ``text`` into the text field identified by ``locator``.</doc>
<msg timestamp="20231108 09:02:00.359" level="INFO">Typing text '7829844595' into text field 'name:reg_email__'.</msg>
<status status="PASS" starttime="20231108 09:02:00.359" endtime="20231108 09:02:00.575"/>
</kw>
<kw name="Click Button" library="SeleniumLibrary">
<arg>name:websubmit</arg>
<doc>Clicks the button identified by ``locator``.</doc>
<msg timestamp="20231108 09:02:00.575" level="INFO">Clicking button 'name:websubmit'.</msg>
<status status="PASS" starttime="20231108 09:02:00.575" endtime="20231108 09:02:00.712"/>
</kw>
<status status="PASS" starttime="20231108 09:01:59.923" endtime="20231108 09:02:00.718"/>
</iter>
<iter>
<var name="${i}">3</var>
<kw name="Read Excel Data" library="User_defined_Keywords">
<var>${Firstname}</var>
<arg>Test</arg>
<arg>${i}</arg>
<arg>1</arg>
<kw name="Fetch CellData" library="DataDrivenMethods">
<var>${cellData}</var>
<arg>${Sheetname}</arg>
<arg>${row}</arg>
<arg>${column}</arg>
<msg timestamp="20231108 09:02:00.722" level="INFO">${cellData} = Vandana02</msg>
<status status="PASS" starttime="20231108 09:02:00.721" endtime="20231108 09:02:00.723"/>
</kw>
<msg timestamp="20231108 09:02:00.724" level="INFO">${Firstname} = Vandana02</msg>
<status status="PASS" starttime="20231108 09:02:00.720" endtime="20231108 09:02:00.724"/>
</kw>
<kw name="Read Excel Data" library="User_defined_Keywords">
<var>${Surname}</var>
<arg>Test</arg>
<arg>${i}</arg>
<arg>2</arg>
<kw name="Fetch CellData" library="DataDrivenMethods">
<var>${cellData}</var>
<arg>${Sheetname}</arg>
<arg>${row}</arg>
<arg>${column}</arg>
<msg timestamp="20231108 09:02:00.727" level="INFO">${cellData} = NAir02</msg>
<status status="PASS" starttime="20231108 09:02:00.726" endtime="20231108 09:02:00.727"/>
</kw>
<msg timestamp="20231108 09:02:00.728" level="INFO">${Surname} = NAir02</msg>
<status status="PASS" starttime="20231108 09:02:00.724" endtime="20231108 09:02:00.729"/>
</kw>
<kw name="Read Excel Data" library="User_defined_Keywords">
<var>${Mobile}</var>
<arg>Test</arg>
<arg>${i}</arg>
<arg>3</arg>
<kw name="Fetch CellData" library="DataDrivenMethods">
<var>${cellData}</var>
<arg>${Sheetname}</arg>
<arg>${row}</arg>
<arg>${column}</arg>
<msg timestamp="20231108 09:02:00.732" level="INFO">${cellData} = 7829844596</msg>
<status status="PASS" starttime="20231108 09:02:00.731" endtime="20231108 09:02:00.732"/>
</kw>
<msg timestamp="20231108 09:02:00.732" level="INFO">${Mobile} = 7829844596</msg>
<status status="PASS" starttime="20231108 09:02:00.730" endtime="20231108 09:02:00.732"/>
</kw>
<kw name="Input Text" library="SeleniumLibrary">
<arg>name:firstname</arg>
<arg>${Firstname}</arg>
<doc>Types the given ``text`` into the text field identified by ``locator``.</doc>
<msg timestamp="20231108 09:02:00.734" level="INFO">Typing text 'Vandana02' into text field 'name:firstname'.</msg>
<status status="PASS" starttime="20231108 09:02:00.732" endtime="20231108 09:02:01.005"/>
</kw>
<kw name="Input Text" library="SeleniumLibrary">
<arg>name:lastname</arg>
<arg>${Surname}</arg>
<doc>Types the given ``text`` into the text field identified by ``locator``.</doc>
<msg timestamp="20231108 09:02:01.005" level="INFO">Typing text 'NAir02' into text field 'name:lastname'.</msg>
<status status="PASS" starttime="20231108 09:02:01.005" endtime="20231108 09:02:01.209"/>
</kw>
<kw name="Input Text" library="SeleniumLibrary">
<arg>name:reg_email__</arg>
<arg>${Mobile}</arg>
<doc>Types the given ``text`` into the text field identified by ``locator``.</doc>
<msg timestamp="20231108 09:02:01.209" level="INFO">Typing text '7829844596' into text field 'name:reg_email__'.</msg>
<status status="PASS" starttime="20231108 09:02:01.209" endtime="20231108 09:02:01.451"/>
</kw>
<kw name="Click Button" library="SeleniumLibrary">
<arg>name:websubmit</arg>
<doc>Clicks the button identified by ``locator``.</doc>
<msg timestamp="20231108 09:02:01.451" level="INFO">Clicking button 'name:websubmit'.</msg>
<status status="PASS" starttime="20231108 09:02:01.451" endtime="20231108 09:02:01.621"/>
</kw>
<status status="PASS" starttime="20231108 09:02:00.719" endtime="20231108 09:02:01.621"/>
</iter>
<iter>
<var name="${i}">4</var>
<kw name="Read Excel Data" library="User_defined_Keywords">
<var>${Firstname}</var>
<arg>Test</arg>
<arg>${i}</arg>
<arg>1</arg>
<kw name="Fetch CellData" library="DataDrivenMethods">
<var>${cellData}</var>
<arg>${Sheetname}</arg>
<arg>${row}</arg>
<arg>${column}</arg>
<msg timestamp="20231108 09:02:01.623" level="INFO">${cellData} = Vandana03</msg>
<status status="PASS" starttime="20231108 09:02:01.623" endtime="20231108 09:02:01.624"/>
</kw>
<msg timestamp="20231108 09:02:01.624" level="INFO">${Firstname} = Vandana03</msg>
<status status="PASS" starttime="20231108 09:02:01.622" endtime="20231108 09:02:01.624"/>
</kw>
<kw name="Read Excel Data" library="User_defined_Keywords">
<var>${Surname}</var>
<arg>Test</arg>
<arg>${i}</arg>
<arg>2</arg>
<kw name="Fetch CellData" library="DataDrivenMethods">
<var>${cellData}</var>
<arg>${Sheetname}</arg>
<arg>${row}</arg>
<arg>${column}</arg>
<msg timestamp="20231108 09:02:01.625" level="INFO">${cellData} = NAir03</msg>
<status status="PASS" starttime="20231108 09:02:01.624" endtime="20231108 09:02:01.625"/>
</kw>
<msg timestamp="20231108 09:02:01.625" level="INFO">${Surname} = NAir03</msg>
<status status="PASS" starttime="20231108 09:02:01.624" endtime="20231108 09:02:01.625"/>
</kw>
<kw name="Read Excel Data" library="User_defined_Keywords">
<var>${Mobile}</var>
<arg>Test</arg>
<arg>${i}</arg>
<arg>3</arg>
<kw name="Fetch CellData" library="DataDrivenMethods">
<var>${cellData}</var>
<arg>${Sheetname}</arg>
<arg>${row}</arg>
<arg>${column}</arg>
<msg timestamp="20231108 09:02:01.626" level="INFO">${cellData} = 7829844597</msg>
<status status="PASS" starttime="20231108 09:02:01.626" endtime="20231108 09:02:01.626"/>
</kw>
<msg timestamp="20231108 09:02:01.626" level="INFO">${Mobile} = 7829844597</msg>
<status status="PASS" starttime="20231108 09:02:01.625" endtime="20231108 09:02:01.626"/>
</kw>
<kw name="Input Text" library="SeleniumLibrary">
<arg>name:firstname</arg>
<arg>${Firstname}</arg>
<doc>Types the given ``text`` into the text field identified by ``locator``.</doc>
<msg timestamp="20231108 09:02:01.627" level="INFO">Typing text 'Vandana03' into text field 'name:firstname'.</msg>
<status status="PASS" starttime="20231108 09:02:01.626" endtime="20231108 09:02:01.843"/>
</kw>
<kw name="Input Text" library="SeleniumLibrary">
<arg>name:lastname</arg>
<arg>${Surname}</arg>
<doc>Types the given ``text`` into the text field identified by ``locator``.</doc>
<msg timestamp="20231108 09:02:01.845" level="INFO">Typing text 'NAir03' into text field 'name:lastname'.</msg>
<status status="PASS" starttime="20231108 09:02:01.843" endtime="20231108 09:02:02.076"/>
</kw>
<kw name="Input Text" library="SeleniumLibrary">
<arg>name:reg_email__</arg>
<arg>${Mobile}</arg>
<doc>Types the given ``text`` into the text field identified by ``locator``.</doc>
<msg timestamp="20231108 09:02:02.086" level="INFO">Typing text '7829844597' into text field 'name:reg_email__'.</msg>
<status status="PASS" starttime="20231108 09:02:02.084" endtime="20231108 09:02:02.291"/>
</kw>
<kw name="Click Button" library="SeleniumLibrary">
<arg>name:websubmit</arg>
<doc>Clicks the button identified by ``locator``.</doc>
<msg timestamp="20231108 09:02:02.291" level="INFO">Clicking button 'name:websubmit'.</msg>
<status status="PASS" starttime="20231108 09:02:02.291" endtime="20231108 09:02:02.424"/>
</kw>
<status status="PASS" starttime="20231108 09:02:01.622" endtime="20231108 09:02:02.424"/>
</iter>
<iter>
<var name="${i}">5</var>
<kw name="Read Excel Data" library="User_defined_Keywords">
<var>${Firstname}</var>
<arg>Test</arg>
<arg>${i}</arg>
<arg>1</arg>
<kw name="Fetch CellData" library="DataDrivenMethods">
<var>${cellData}</var>
<arg>${Sheetname}</arg>
<arg>${row}</arg>
<arg>${column}</arg>
<msg timestamp="20231108 09:02:02.424" level="INFO">${cellData} = Vandana04</msg>
<status status="PASS" starttime="20231108 09:02:02.424" endtime="20231108 09:02:02.424"/>
</kw>
<msg timestamp="20231108 09:02:02.424" level="INFO">${Firstname} = Vandana04</msg>
<status status="PASS" starttime="20231108 09:02:02.424" endtime="20231108 09:02:02.424"/>
</kw>
<kw name="Read Excel Data" library="User_defined_Keywords">
<var>${Surname}</var>
<arg>Test</arg>
<arg>${i}</arg>
<arg>2</arg>
<kw name="Fetch CellData" library="DataDrivenMethods">
<var>${cellData}</var>
<arg>${Sheetname}</arg>
<arg>${row}</arg>
<arg>${column}</arg>
<msg timestamp="20231108 09:02:02.424" level="INFO">${cellData} = NAir04</msg>
<status status="PASS" starttime="20231108 09:02:02.424" endtime="20231108 09:02:02.424"/>
</kw>
<msg timestamp="20231108 09:02:02.424" level="INFO">${Surname} = NAir04</msg>
<status status="PASS" starttime="20231108 09:02:02.424" endtime="20231108 09:02:02.424"/>
</kw>
<kw name="Read Excel Data" library="User_defined_Keywords">
<var>${Mobile}</var>
<arg>Test</arg>
<arg>${i}</arg>
<arg>3</arg>
<kw name="Fetch CellData" library="DataDrivenMethods">
<var>${cellData}</var>
<arg>${Sheetname}</arg>
<arg>${row}</arg>
<arg>${column}</arg>
<msg timestamp="20231108 09:02:02.424" level="INFO">${cellData} = 7829844598</msg>
<status status="PASS" starttime="20231108 09:02:02.424" endtime="20231108 09:02:02.424"/>
</kw>
<msg timestamp="20231108 09:02:02.424" level="INFO">${Mobile} = 7829844598</msg>
<status status="PASS" starttime="20231108 09:02:02.424" endtime="20231108 09:02:02.424"/>
</kw>
<kw name="Input Text" library="SeleniumLibrary">
<arg>name:firstname</arg>
<arg>${Firstname}</arg>
<doc>Types the given ``text`` into the text field identified by ``locator``.</doc>
<msg timestamp="20231108 09:02:02.424" level="INFO">Typing text 'Vandana04' into text field 'name:firstname'.</msg>
<status status="PASS" starttime="20231108 09:02:02.424" endtime="20231108 09:02:02.589"/>
</kw>
<kw name="Input Text" library="SeleniumLibrary">
<arg>name:lastname</arg>
<arg>${Surname}</arg>
<doc>Types the given ``text`` into the text field identified by ``locator``.</doc>
<msg timestamp="20231108 09:02:02.591" level="INFO">Typing text 'NAir04' into text field 'name:lastname'.</msg>
<status status="PASS" starttime="20231108 09:02:02.589" endtime="20231108 09:02:02.735"/>
</kw>
<kw name="Input Text" library="SeleniumLibrary">
<arg>name:reg_email__</arg>
<arg>${Mobile}</arg>
<doc>Types the given ``text`` into the text field identified by ``locator``.</doc>
<msg timestamp="20231108 09:02:02.737" level="INFO">Typing text '7829844598' into text field 'name:reg_email__'.</msg>
<status status="PASS" starttime="20231108 09:02:02.736" endtime="20231108 09:02:02.888"/>
</kw>
<kw name="Click Button" library="SeleniumLibrary">
<arg>name:websubmit</arg>
<doc>Clicks the button identified by ``locator``.</doc>
<msg timestamp="20231108 09:02:02.888" level="INFO">Clicking button 'name:websubmit'.</msg>
<status status="PASS" starttime="20231108 09:02:02.888" endtime="20231108 09:02:02.992"/>
</kw>
<status status="PASS" starttime="20231108 09:02:02.424" endtime="20231108 09:02:02.992"/>
</iter>
<iter>
<var name="${i}">6</var>
<kw name="Read Excel Data" library="User_defined_Keywords">
<var>${Firstname}</var>
<arg>Test</arg>
<arg>${i}</arg>
<arg>1</arg>
<kw name="Fetch CellData" library="DataDrivenMethods">
<var>${cellData}</var>
<arg>${Sheetname}</arg>
<arg>${row}</arg>
<arg>${column}</arg>
<msg timestamp="20231108 09:02:02.992" level="INFO">${cellData} = Vandana05</msg>
<status status="PASS" starttime="20231108 09:02:02.992" endtime="20231108 09:02:02.992"/>
</kw>
<msg timestamp="20231108 09:02:02.992" level="INFO">${Firstname} = Vandana05</msg>
<status status="PASS" starttime="20231108 09:02:02.992" endtime="20231108 09:02:02.992"/>
</kw>
<kw name="Read Excel Data" library="User_defined_Keywords">
<var>${Surname}</var>
<arg>Test</arg>
<arg>${i}</arg>
<arg>2</arg>
<kw name="Fetch CellData" library="DataDrivenMethods">
<var>${cellData}</var>
<arg>${Sheetname}</arg>
<arg>${row}</arg>
<arg>${column}</arg>
<msg timestamp="20231108 09:02:02.992" level="INFO">${cellData} = NAir05</msg>
<status status="PASS" starttime="20231108 09:02:02.992" endtime="20231108 09:02:02.992"/>
</kw>
<msg timestamp="20231108 09:02:02.992" level="INFO">${Surname} = NAir05</msg>
<status status="PASS" starttime="20231108 09:02:02.992" endtime="20231108 09:02:02.992"/>
</kw>
<kw name="Read Excel Data" library="User_defined_Keywords">
<var>${Mobile}</var>
<arg>Test</arg>
<arg>${i}</arg>
<arg>3</arg>
<kw name="Fetch CellData" library="DataDrivenMethods">
<var>${cellData}</var>
<arg>${Sheetname}</arg>
<arg>${row}</arg>
<arg>${column}</arg>
<msg timestamp="20231108 09:02:02.992" level="INFO">${cellData} = 7829844599</msg>
<status status="PASS" starttime="20231108 09:02:02.992" endtime="20231108 09:02:02.992"/>
</kw>
<msg timestamp="20231108 09:02:02.992" level="INFO">${Mobile} = 7829844599</msg>
<status status="PASS" starttime="20231108 09:02:02.992" endtime="20231108 09:02:02.992"/>
</kw>
<kw name="Input Text" library="SeleniumLibrary">
<arg>name:firstname</arg>
<arg>${Firstname}</arg>
<doc>Types the given ``text`` into the text field identified by ``locator``.</doc>
<msg timestamp="20231108 09:02:03.001" level="INFO">Typing text 'Vandana05' into text field 'name:firstname'.</msg>
<status status="PASS" starttime="20231108 09:02:02.992" endtime="20231108 09:02:03.152"/>
</kw>
<kw name="Input Text" library="SeleniumLibrary">
<arg>name:lastname</arg>
<arg>${Surname}</arg>
<doc>Types the given ``text`` into the text field identified by ``locator``.</doc>
<msg timestamp="20231108 09:02:03.168" level="INFO">Typing text 'NAir05' into text field 'name:lastname'.</msg>
<status status="PASS" starttime="20231108 09:02:03.152" endtime="20231108 09:02:03.321"/>
</kw>
<kw name="Input Text" library="SeleniumLibrary">
<arg>name:reg_email__</arg>
<arg>${Mobile}</arg>
<doc>Types the given ``text`` into the text field identified by ``locator``.</doc>
<msg timestamp="20231108 09:02:03.322" level="INFO">Typing text '7829844599' into text field 'name:reg_email__'.</msg>
<status status="PASS" starttime="20231108 09:02:03.321" endtime="20231108 09:02:03.486"/>
</kw>
<kw name="Click Button" library="SeleniumLibrary">
<arg>name:websubmit</arg>
<doc>Clicks the button identified by ``locator``.</doc>
<msg timestamp="20231108 09:02:03.488" level="INFO">Clicking button 'name:websubmit'.</msg>
<status status="PASS" starttime="20231108 09:02:03.487" endtime="20231108 09:02:03.589"/>
</kw>
<status status="PASS" starttime="20231108 09:02:02.992" endtime="20231108 09:02:03.589"/>
</iter>
<status status="PASS" starttime="20231108 09:01:59.063" endtime="20231108 09:02:03.589"/>
</for>
<status status="PASS" starttime="20231108 09:01:53.849" endtime="20231108 09:02:03.590"/>
</test>
<status status="PASS" starttime="20231108 09:01:53.255" endtime="20231108 09:02:03.592"/>
</suite>
<statistics>
<total>
<stat pass="1" fail="0" skip="0">All Tests</stat>
</total>
<tag>
</tag>
<suite>
<stat pass="1" fail="0" skip="0" id="s1" name="DatadrivenTest">DatadrivenTest</stat>
</suite>
</statistics>
<errors>
</errors>
</robot>
