<?xml version="1.0" encoding="UTF-8"?>
<robot generator="Robot 6.1.1 (Python 3.10.8 on win32)" generated="20231117 17:22:18.937" rpa="false" schemaversion="4">
<suite id="s1" name="Get Request" source="E:\InterviewPreparations\Python\RobotAutomation\RestAPIAutomation\Get_Request.robot">
<test id="s1-t1" name="TC_001_Get_Request_Students_Details" line="13">
<kw name="Create Session" library="RequestsLibrary">
<arg>Get Student Details</arg>
<arg>${Base_URL}</arg>
<doc>Create Session: create a HTTP session to a server</doc>
<msg timestamp="20231117 17:22:19.344" level="INFO">Creating Session using : alias=Get Student Details, url=https://thetestingworldapi.com/, headers={},                     cookies={}, auth=None, timeout=None, proxies=None, verify=False,                     debug=0 </msg>
<status status="PASS" starttime="20231117 17:22:19.344" endtime="20231117 17:22:19.344"/>
</kw>
<kw name="GET On Session" library="RequestsLibrary">
<var>${response}</var>
<arg>Get Student Details</arg>
<arg>${Get_Student}</arg>
<doc>Sends a GET request on a previously created HTTP Session.</doc>
<msg timestamp="20231117 17:22:21.600" level="INFO">GET Request : url=https://thetestingworldapi.com/api/studentsDetails 
 path_url=/api/studentsDetails 
 headers={'User-Agent': 'python-requests/2.31.0', 'Accept-Encoding': 'gzip, deflate', 'Accept': '*/*', 'Connection': 'keep-alive'} 
 body=None 
 </msg>
<msg timestamp="20231117 17:22:21.600" level="INFO">GET Response : url=https://thetestingworldapi.com/api/studentsDetails 
 status=200, reason=OK 
 headers={'Cache-Control': 'no-cache', 'Pragma': 'no-cache', 'Content-Type': 'application/json; charset=utf-8', 'Expires': '-1', 'Server': 'Microsoft-IIS/10.0', 'X-AspNet-Version': '4.0.30319', 'X-Powered-By': 'ASP.NET', 'X-Powered-By-Plesk': 'PleskWin', 'Date': 'Fri, 17 Nov 2023 11:52:21 GMT', 'Content-Length': '12556'} 
 body=[{"id":8468399,"first_name":"Raju","middle_name":"jk","last_name":"Paul","date_of_birth":"12/03/2001"},{"id":8468398,"first_name":"Raju","middle_name":"jk","last_name":"Paul","date_of_birth":"12/03/2001"},{"id":8468397,"first_name":"Furkan","middle_name":"A","last_name":"Simsek","date_of_birth":"07/02/1996"},{"id":8468396,"first_name":"Furkan","middle_name":"A","last_name":"Simsek","date_of_birth":"07/02/1996"},{"id":8468395,"first_name":"Furkan","middle_name":"A","last_name":"Simsek","date_of_birth":"07/02/1996"},{"id":8468394,"first_name":"Furkan","middle_name":"A","last_name":"Simsek","date_of_birth":"07/02/1996"},{"id":8468393,"first_name":"Furkan","middle_name":"A","last_name":"Simsek","date_of_birth":"07/02/1996"},{"id":8468392,"first_name":"Furkan","middle_name":"A","last_name":"Simsek","date_of_birth":"07/02/1996"},{"id":8468391,"first_name":"Furkan","middle_name":"A","last_name":"Simsek","date_of_birth":"07/02/1996"},{"id":8468390,"first_name":"Furkan","middle_name":"Anıl","last_name":"Simsek","date_of_birth":"07/02/1996"},{"id":8468389,"first_name":"Furkan","middle_name":"A","last_name":"Simsek","date_of_birth":"07/02/1996"},{"id":8468388,"first_name":"Furkan","middle_name":"A","last_name":"Simsek","date_of_birth":"07/02/1996"},{"id":8468387,"first_name":"Furkan","middle_name":"A","last_name":"Simsek","date_of_birth":"07/02/1996"},{"id":8468386,"first_name":"Furkan","middle_name":"A","last_name":"Simsek","date_of_birth":"07/02/1996"},{"id":8468385,"first_name":"Furkan","middle_name":"A","last_name":"Simsek","date_of_birth":"07/02/1996"},{"id":8468384,"first_name":"Furkan","middle_name":"A","last_name":"Simsek","date_of_birth":"07/02/1996"},{"id":8468383,"first_name":"Furkan","middle_name":"A","last_name":"Simsek","date_of_birth":"07/02/1996"},{"id":8468382,"first_name":"Furkan","middle_name":"A","last_name":"Simsek","date_of_birth":"07/02/1996"},{"id":8468381,"first_name":"Furkan","middle_name":"A","last_name":"Simsek","date_of_birth":"07/02/1996"},{"id":8468380,"first_name":"Furkan","middle_name":"A","last_name":"Simsek","date_of_birth":"07/02/1996"},{"id":8468379,"first_name":"Furkan","middle_name":"A","last_name":"Simsek","date_of_birth":"07/02/1996"},{"id":8468378,"first_name":"Furkan","middle_name":"A","last_name":"Simsek","date_of_birth":"07/02/1996"},{"id":8468377,"first_name":"Furkan","middle_name":"Anıl","last_name":"Simsek","date_of_birth":"07/02/1996"},{"id":8468376,"first_name":"sample string 1","middle_name":"sample string 3","last_name":"sample string 4","date_of_birth":"sample string 5"},{"id":8468375,"first_name":"Jacob","middle_name":"","last_name":"Uludag","date_of_birth":"10/10/1990"},{"id":8468374,"first_name":"Jacob","middle_name":"","last_name":"Uludag","date_of_birth":"10/10/1990"},{"id":8468373,"first_name":"Jacob","middle_name":"","last_name":"Uludag","date_of_birth":"10/10/1990"},{"id":8468372,"first_name":"Jacob","middle_name":"","last_name":"Uludag","date_of_birth":"10/10/1990"},{"id":8468371,"first_name":"Testing","middle_name":"A","last_name":"World","date_of_birth":"12/12/1990"},{"id":8468370,"first_name":"Testing","middle_name":"A","last_name":"World","date_of_birth":"12/12/1990"},{"id":8468369,"first_name":"sample string 2","middle_name":"sample string 3","last_name":"sample string 4","date_of_birth":"sample string 5"},{"id":8468368,"first_name":"sample string 2","middle_name":"sample string 3","last_name":"sample string 4","date_of_birth":"sample string 5"},{"id":8468367,"first_name":"sample string 2","middle_name":"sample string 3","last_name":"sample string 4","date_of_birth":"sample string 5"},{"id":8468366,"first_name":"sample string 2","middle_name":"sample string 3","last_name":"sample string 4","date_of_birth":"sample string 5"},{"id":8468365,"first_name":"sample string 2","middle_name":"sample string 3","last_name":"sample string 4","date_of_birth":"sample string 5"},{"id":8468364,"first_name":"sample string 2","middle_name":"sample string 3","last_name":"sample string 4","date_of_birth":"sample string 5"},{"id":8468363,"first_name":"sample string 2","middle_name":"sample string 3","last_name":"sample string 4","date_of_birth":"sample string 5"},{"id":8468362,"first_name":"sample string 2","middle_name":"sample string 3","last_name":"sample string 4","date_of_birth":"sample string 5"},{"id":8468361,"first_name":"sample string 2","middle_name":"sample string 3","last_name":"sample string 4","date_of_birth":"sample string 5"},{"id":8468360,"first_name":"sample string 2","middle_name":"sample string 3","last_name":"sample string 4","date_of_birth":"sample string 5"},{"id":8468359,"first_name":"sample string 2","middle_name":"sample string 3","last_name":"sample string 4","date_of_birth":"sample string 5"},{"id":8468358,"first_name":"sample string 2","middle_name":"sample string 3","last_name":"sample string 4","date_of_birth":"sample string 5"},{"id":8468357,"first_name":"sample string 2","middle_name":"sample string 3","last_name":"sample string 4","date_of_birth":"sample string 5"},{"id":8468356,"first_name":"sample string 2","middle_name":"sample string 3","last_name":"sample string 4","date_of_birth":"sample string 5"},{"id":8468355,"first_name":"sample string 2","middle_name":"sample string 3","last_name":"sample string 4","date_of_birth":"sample string 5"},{"id":8468354,"first_name":"sample string 2","middle_name":"sample string 3","last_name":"sample string 4","date_of_birth":"sample string 5"},{"id":8468353,"first_name":"sample string 2","middle_name":"sample string 3","last_name":"sample string 4","date_of_birth":"sample string 5"},{"id":8468352,"first_name":"sample string 2","middle_name":"sample string 3","last_name":"sample string 4","date_of_birth":"sample string 5"},{"id":8468351,"first_name":"sample string 2","middle_name":"sample string 3","last_name":"sample string 4","date_of_birth":"sample string 5"},{"id":8468350,"first_name":"sample string 2","middle_name":"sample string 3","last_name":"sample string 4","date_of_birth":"sample string 5"},{"id":8468349,"first_name":"sample string 2","middle_name":"sample string 3","last_name":"sample string 4","date_of_birth":"sample string 5"},{"id":8468348,"first_name":"sample string 2","middle_name":"sample string 3","last_name":"sample string 4","date_of_birth":"sample string 5"},{"id":8468347,"first_name":"sample string 2","middle_name":"sample string 3","last_name":"sample string 4","date_of_birth":"sample string 5"},{"id":8468346,"first_name":"sample string 2","middle_name":"sample string 3","last_name":"sample string 4","date_of_birth":"sample string 5"},{"id":8468345,"first_name":"sample string 2","middle_name":"sample string 3","last_name":"sample string 4","date_of_birth":"sample string 5"},{"id":8468344,"first_name":"sample string 2","middle_name":"sample string 3","last_name":"sample string 4","date_of_birth":"sample string 5"},{"id":8468343,"first_name":"sample string 2","middle_name":"sample string 3","last_name":"sample string 4","date_of_birth":"sample string 5"},{"id":8468342,"first_name":"sample string 2","middle_name":"sample string 3","last_name":"sample string 4","date_of_birth":"sample string 5"},{"id":8468341,"first_name":"sample string 2","middle_name":"sample string 3","last_name":"sample string 4","date_of_birth":"sample string 5"},{"id":8468340,"first_name":"sample string 2","middle_name":"sample string 3","last_name":"sample string 4","date_of_birth":"sample string 5"},{"id":8468339,"first_name":"sample string 2","middle_name":"sample string 3","last_name":"sample string 4","date_of_birth":"sample string 5"},{"id":8468338,"first_name":"sample string 2","middle_name":"sample string 3","last_name":"sample string 4","date_of_birth":"sample string 5"},{"id":8468337,"first_name":"sample string 2","middle_name":"sample string 3","last_name":"sample string 4","date_of_birth":"sample string 5"},{"id":8468336,"first_name":"sample string 2","middle_name":"sample string 3","last_name":"sample string 4","date_of_birth":"sample string 5"},{"id":8468335,"first_name":"sample string 2","middle_name":"sample string 3","last_name":"sample string 4","date_of_birth":"sample string 5"},{"id":8468334,"first_name":"sample string 2","middle_name":"sample string 3","last_name":"sample string 4","date_of_birth":"sample string 5"},{"id":8468333,"first_name":"sample string 2","middle_name":"sample string 3","last_name":"sample string 4","date_of_birth":"sample string 5"},{"id":8468332,"first_name":"sample string 2","middle_name":"sample string 3","last_name":"sample string 4","date_of_birth":"sample string 5"},{"id":8468331,"first_name":"sample string 2","middle_name":"sample string 3","last_name":"sample string 4","date_of_birth":"sample string 5"},{"id":8468330,"first_name":"sample string 2","middle_name":"sample string 3","last_name":"sample string 4","date_of_birth":"sample string 5"},{"id":8468329,"first_name":"sample string 2","middle_name":"sample string 3","last_name":"sample string 4","date_of_birth":"sample string 5"},{"id":8468328,"first_name":"sample string 2","middle_name":"sample string 3","last_name":"sample string 4","date_of_birth":"sample string 5"},{"id":8468327,"first_name":"sample string 2","middle_name":"sample string 3","last_name":"sample string 4","date_of_birth":"sample string 5"},{"id":8468326,"first_name":"sample string 2","middle_name":"sample string 3","last_name":"sample string 4","date_of_birth":"sample string 5"},{"id":8468325,"first_name":"sample string 2","middle_name":"sample string 3","last_name":"sample string 4","date_of_birth":"sample string 5"},{"id":8468324,"first_name":"sample string 2","middle_name":"sample string 3","last_name":"sample string 4","date_of_birth":"sample string 5"},{"id":8468323,"first_name":"sample string 2","middle_name":"sample string 3","last_name":"sample string 4","date_of_birth":"sample string 5"},{"id":8468322,"first_name":"sample string 2","middle_name":"sample string 3","last_name":"sample string 4","date_of_birth":"sample string 5"},{"id... (set the log level to DEBUG or TRACE to see the full content) 
 </msg>
<msg timestamp="20231117 17:22:21.600" level="INFO">e:\interviewpreparations\python\robotautomation\venv\lib\site-packages\urllib3\connectionpool.py:1095: InsecureRequestWarning: Unverified HTTPS request is being made to host 'thetestingworldapi.com'. Adding certificate verification is strongly advised. See: https://urllib3.readthedocs.io/en/latest/advanced-usage.html#tls-warnings
  warnings.warn(</msg>
<msg timestamp="20231117 17:22:21.600" level="INFO">${response} = &lt;Response [200]&gt;</msg>
<status status="PASS" starttime="20231117 17:22:19.344" endtime="20231117 17:22:21.600"/>
</kw>
<kw name="Log" library="BuiltIn">
<arg>${response.json()}</arg>
<doc>Logs the given message with the given level.</doc>
<msg timestamp="20231117 17:22:21.615" level="INFO">[{'id': 8468399, 'first_name': 'Raju', 'middle_name': 'jk', 'last_name': 'Paul', 'date_of_birth': '12/03/2001'}, {'id': 8468398, 'first_name': 'Raju', 'middle_name': 'jk', 'last_name': 'Paul', 'date_of_birth': '12/03/2001'}, {'id': 8468397, 'first_name': 'Furkan', 'middle_name': 'A', 'last_name': 'Simsek', 'date_of_birth': '07/02/1996'}, {'id': 8468396, 'first_name': 'Furkan', 'middle_name': 'A', 'last_name': 'Simsek', 'date_of_birth': '07/02/1996'}, {'id': 8468395, 'first_name': 'Furkan', 'middle_name': 'A', 'last_name': 'Simsek', 'date_of_birth': '07/02/1996'}, {'id': 8468394, 'first_name': 'Furkan', 'middle_name': 'A', 'last_name': 'Simsek', 'date_of_birth': '07/02/1996'}, {'id': 8468393, 'first_name': 'Furkan', 'middle_name': 'A', 'last_name': 'Simsek', 'date_of_birth': '07/02/1996'}, {'id': 8468392, 'first_name': 'Furkan', 'middle_name': 'A', 'last_name': 'Simsek', 'date_of_birth': '07/02/1996'}, {'id': 8468391, 'first_name': 'Furkan', 'middle_name': 'A', 'last_name': 'Simsek', 'date_of_birth': '07/02/1996'}, {'id': 8468390, 'first_name': 'Furkan', 'middle_name': 'Anıl', 'last_name': 'Simsek', 'date_of_birth': '07/02/1996'}, {'id': 8468389, 'first_name': 'Furkan', 'middle_name': 'A', 'last_name': 'Simsek', 'date_of_birth': '07/02/1996'}, {'id': 8468388, 'first_name': 'Furkan', 'middle_name': 'A', 'last_name': 'Simsek', 'date_of_birth': '07/02/1996'}, {'id': 8468387, 'first_name': 'Furkan', 'middle_name': 'A', 'last_name': 'Simsek', 'date_of_birth': '07/02/1996'}, {'id': 8468386, 'first_name': 'Furkan', 'middle_name': 'A', 'last_name': 'Simsek', 'date_of_birth': '07/02/1996'}, {'id': 8468385, 'first_name': 'Furkan', 'middle_name': 'A', 'last_name': 'Simsek', 'date_of_birth': '07/02/1996'}, {'id': 8468384, 'first_name': 'Furkan', 'middle_name': 'A', 'last_name': 'Simsek', 'date_of_birth': '07/02/1996'}, {'id': 8468383, 'first_name': 'Furkan', 'middle_name': 'A', 'last_name': 'Simsek', 'date_of_birth': '07/02/1996'}, {'id': 8468382, 'first_name': 'Furkan', 'middle_name': 'A', 'last_name': 'Simsek', 'date_of_birth': '07/02/1996'}, {'id': 8468381, 'first_name': 'Furkan', 'middle_name': 'A', 'last_name': 'Simsek', 'date_of_birth': '07/02/1996'}, {'id': 8468380, 'first_name': 'Furkan', 'middle_name': 'A', 'last_name': 'Simsek', 'date_of_birth': '07/02/1996'}, {'id': 8468379, 'first_name': 'Furkan', 'middle_name': 'A', 'last_name': 'Simsek', 'date_of_birth': '07/02/1996'}, {'id': 8468378, 'first_name': 'Furkan', 'middle_name': 'A', 'last_name': 'Simsek', 'date_of_birth': '07/02/1996'}, {'id': 8468377, 'first_name': 'Furkan', 'middle_name': 'Anıl', 'last_name': 'Simsek', 'date_of_birth': '07/02/1996'}, {'id': 8468376, 'first_name': 'sample string 1', 'middle_name': 'sample string 3', 'last_name': 'sample string 4', 'date_of_birth': 'sample string 5'}, {'id': 8468375, 'first_name': 'Jacob', 'middle_name': '', 'last_name': 'Uludag', 'date_of_birth': '10/10/1990'}, {'id': 8468374, 'first_name': 'Jacob', 'middle_name': '', 'last_name': 'Uludag', 'date_of_birth': '10/10/1990'}, {'id': 8468373, 'first_name': 'Jacob', 'middle_name': '', 'last_name': 'Uludag', 'date_of_birth': '10/10/1990'}, {'id': 8468372, 'first_name': 'Jacob', 'middle_name': '', 'last_name': 'Uludag', 'date_of_birth': '10/10/1990'}, {'id': 8468371, 'first_name': 'Testing', 'middle_name': 'A', 'last_name': 'World', 'date_of_birth': '12/12/1990'}, {'id': 8468370, 'first_name': 'Testing', 'middle_name': 'A', 'last_name': 'World', 'date_of_birth': '12/12/1990'}, {'id': 8468369, 'first_name': 'sample string 2', 'middle_name': 'sample string 3', 'last_name': 'sample string 4', 'date_of_birth': 'sample string 5'}, {'id': 8468368, 'first_name': 'sample string 2', 'middle_name': 'sample string 3', 'last_name': 'sample string 4', 'date_of_birth': 'sample string 5'}, {'id': 8468367, 'first_name': 'sample string 2', 'middle_name': 'sample string 3', 'last_name': 'sample string 4', 'date_of_birth': 'sample string 5'}, {'id': 8468366, 'first_name': 'sample string 2', 'middle_name': 'sample string 3', 'last_name': 'sample string 4', 'date_of_birth': 'sample string 5'}, {'id': 8468365, 'first_name': 'sample string 2', 'middle_name': 'sample string 3', 'last_name': 'sample string 4', 'date_of_birth': 'sample string 5'}, {'id': 8468364, 'first_name': 'sample string 2', 'middle_name': 'sample string 3', 'last_name': 'sample string 4', 'date_of_birth': 'sample string 5'}, {'id': 8468363, 'first_name': 'sample string 2', 'middle_name': 'sample string 3', 'last_name': 'sample string 4', 'date_of_birth': 'sample string 5'}, {'id': 8468362, 'first_name': 'sample string 2', 'middle_name': 'sample string 3', 'last_name': 'sample string 4', 'date_of_birth': 'sample string 5'}, {'id': 8468361, 'first_name': 'sample string 2', 'middle_name': 'sample string 3', 'last_name': 'sample string 4', 'date_of_birth': 'sample string 5'}, {'id': 8468360, 'first_name': 'sample string 2', 'middle_name': 'sample string 3', 'last_name': 'sample string 4', 'date_of_birth': 'sample string 5'}, {'id': 8468359, 'first_name': 'sample string 2', 'middle_name': 'sample string 3', 'last_name': 'sample string 4', 'date_of_birth': 'sample string 5'}, {'id': 8468358, 'first_name': 'sample string 2', 'middle_name': 'sample string 3', 'last_name': 'sample string 4', 'date_of_birth': 'sample string 5'}, {'id': 8468357, 'first_name': 'sample string 2', 'middle_name': 'sample string 3', 'last_name': 'sample string 4', 'date_of_birth': 'sample string 5'}, {'id': 8468356, 'first_name': 'sample string 2', 'middle_name': 'sample string 3', 'last_name': 'sample string 4', 'date_of_birth': 'sample string 5'}, {'id': 8468355, 'first_name': 'sample string 2', 'middle_name': 'sample string 3', 'last_name': 'sample string 4', 'date_of_birth': 'sample string 5'}, {'id': 8468354, 'first_name': 'sample string 2', 'middle_name': 'sample string 3', 'last_name': 'sample string 4', 'date_of_birth': 'sample string 5'}, {'id': 8468353, 'first_name': 'sample string 2', 'middle_name': 'sample string 3', 'last_name': 'sample string 4', 'date_of_birth': 'sample string 5'}, {'id': 8468352, 'first_name': 'sample string 2', 'middle_name': 'sample string 3', 'last_name': 'sample string 4', 'date_of_birth': 'sample string 5'}, {'id': 8468351, 'first_name': 'sample string 2', 'middle_name': 'sample string 3', 'last_name': 'sample string 4', 'date_of_birth': 'sample string 5'}, {'id': 8468350, 'first_name': 'sample string 2', 'middle_name': 'sample string 3', 'last_name': 'sample string 4', 'date_of_birth': 'sample string 5'}, {'id': 8468349, 'first_name': 'sample string 2', 'middle_name': 'sample string 3', 'last_name': 'sample string 4', 'date_of_birth': 'sample string 5'}, {'id': 8468348, 'first_name': 'sample string 2', 'middle_name': 'sample string 3', 'last_name': 'sample string 4', 'date_of_birth': 'sample string 5'}, {'id': 8468347, 'first_name': 'sample string 2', 'middle_name': 'sample string 3', 'last_name': 'sample string 4', 'date_of_birth': 'sample string 5'}, {'id': 8468346, 'first_name': 'sample string 2', 'middle_name': 'sample string 3', 'last_name': 'sample string 4', 'date_of_birth': 'sample string 5'}, {'id': 8468345, 'first_name': 'sample string 2', 'middle_name': 'sample string 3', 'last_name': 'sample string 4', 'date_of_birth': 'sample string 5'}, {'id': 8468344, 'first_name': 'sample string 2', 'middle_name': 'sample string 3', 'last_name': 'sample string 4', 'date_of_birth': 'sample string 5'}, {'id': 8468343, 'first_name': 'sample string 2', 'middle_name': 'sample string 3', 'last_name': 'sample string 4', 'date_of_birth': 'sample string 5'}, {'id': 8468342, 'first_name': 'sample string 2', 'middle_name': 'sample string 3', 'last_name': 'sample string 4', 'date_of_birth': 'sample string 5'}, {'id': 8468341, 'first_name': 'sample string 2', 'middle_name': 'sample string 3', 'last_name': 'sample string 4', 'date_of_birth': 'sample string 5'}, {'id': 8468340, 'first_name': 'sample string 2', 'middle_name': 'sample string 3', 'last_name': 'sample string 4', 'date_of_birth': 'sample string 5'}, {'id': 8468339, 'first_name': 'sample string 2', 'middle_name': 'sample string 3', 'last_name': 'sample string 4', 'date_of_birth': 'sample string 5'}, {'id': 8468338, 'first_name': 'sample string 2', 'middle_name': 'sample string 3', 'last_name': 'sample string 4', 'date_of_birth': 'sample string 5'}, {'id': 8468337, 'first_name': 'sample string 2', 'middle_name': 'sample string 3', 'last_name': 'sample string 4', 'date_of_birth': 'sample string 5'}, {'id': 8468336, 'first_name': 'sample string 2', 'middle_name': 'sample string 3', 'last_name': 'sample string 4', 'date_of_birth': 'sample string 5'}, {'id': 8468335, 'first_name': 'sample string 2', 'middle_name': 'sample string 3', 'last_name': 'sample string 4', 'date_of_birth': 'sample string 5'}, {'id': 8468334, 'first_name': 'sample string 2', 'middle_name': 'sample string 3', 'last_name': 'sample string 4', 'date_of_birth': 'sample string 5'}, {'id': 8468333, 'first_name': 'sample string 2', 'middle_name': 'sample string 3', 'last_name': 'sample string 4', 'date_of_birth': 'sample string 5'}, {'id': 8468332, 'first_name': 'sample string 2', 'middle_name': 'sample string 3', 'last_name': 'sample string 4', 'date_of_birth': 'sample string 5'}, {'id': 8468331, 'first_name': 'sample string 2', 'middle_name': 'sample string 3', 'last_name': 'sample string 4', 'date_of_birth': 'sample string 5'}, {'id': 8468330, 'first_name': 'sample string 2', 'middle_name': 'sample string 3', 'last_name': 'sample string 4', 'date_of_birth': 'sample string 5'}, {'id': 8468329, 'first_name': 'sample string 2', 'middle_name': 'sample string 3', 'last_name': 'sample string 4', 'date_of_birth': 'sample string 5'}, {'id': 8468328, 'first_name': 'sample string 2', 'middle_name': 'sample string 3', 'last_name': 'sample string 4', 'date_of_birth': 'sample string 5'}, {'id': 8468327, 'first_name': 'sample string 2', 'middle_name': 'sample string 3', 'last_name': 'sample string 4', 'date_of_birth': 'sample string 5'}, {'id': 8468326, 'first_name': 'sample string 2', 'middle_name': 'sample string 3', 'last_name': 'sample string 4', 'date_of_birth': 'sample string 5'}, {'id': 8468325, 'first_name': 'sample string 2', 'middle_name': 'sample string 3', 'last_name': 'sample string 4', 'date_of_birth': 'sample string 5'}, {'id': 8468324, 'first_name': 'sample string 2', 'middle_name': 'sample string 3', 'last_name': 'sample string 4', 'date_of_birth': 'sample string 5'}, {'id': 8468323, 'first_name': 'sample string 2', 'middle_name': 'sample string 3', 'last_name': 'sample string 4', 'date_of_birth': 'sample string 5'}, {'id': 8468322, 'first_name': 'sample string 2', 'middle_name': 'sample string 3', 'last_name': 'sample string 4', 'date_of_birth': 'sample string 5'}, {'id': 8468321, 'first_name': 'Suzie', 'middle_name': 'Leona', 'last_name': 'Pushing', 'date_of_birth': '1957'}, {'id': 8468320, 'first_name': 'Test-2', 'middle_name': 'Juan Carlos-2', 'last_name': 'Pulido Rodriguez', 'date_of_birth': '12/10/1990'}, {'id': 8468319, 'first_name': 'Chipie', 'middle_name': 'bbg', 'last_name': 'pires', 'date_of_birth': 'nov 2017'}, {'id': 8468318, 'first_name': 'Suzie', 'middle_name': 'Leona', 'last_name': 'Pushing', 'date_of_birth': '1957'}, {'id': 8468317, 'first_name': 'Suzie', 'middle_name': 'Leona', 'last_name': 'Pushing', 'date_of_birth': '1957'}, {'id': 8468316, 'first_name': 'sample string 2', 'middle_name': 'sample string 3', 'last_name': 'sample string 4', 'date_of_birth': 'sample string 5'}, {'id': 8468315, 'first_name': '', 'middle_name': 'MyTesting', 'last_name': 'HelloTesting', 'date_of_birth': '11/16/2023'}, {'id': 8468314, 'first_name': 'LocalFirstNameValue', 'middle_name': 'MyTesting', 'last_name': 'HelloTesting', 'date_of_birth': '11/16/2023'}, {'id': 8468313, 'first_name': 'HelloTesting', 'middle_name': 'MyTesting', 'last_name': 'HelloTesting', 'date_of_birth': '11/16/2023'}, {'id': 8468312, 'first_name': 'MyTesting', 'middle_name': 'MyTesting', 'last_name': 'HelloTesting', 'date_of_birth': '11/16/2023'}, {'id': 8468311, 'first_name': 'TestingWorld', 'middle_name': 'MyTesting', 'last_name': 'HelloTesting', 'date_of_birth': '11/16/2023'}, {'id': 8468310, 'first_name': 'Felecia', 'middle_name': 'MyTesting', 'last_name': 'HelloTesting', 'date_of_birth': '11/16/2023'}, {'id': 8468306, 'first_name': 'Simon', 'middle_name': 'Leo', 'last_name': 'Lafond', 'date_of_birth': '1979'}, {'id': 8468304, 'first_name': 'Simon', 'middle_name': 'Leo', 'last_name': 'Lafond', 'date_of_birth': '1979'}, {'id': 8468301, 'first_name': 'Nana', 'middle_name': 'dog', 'last_name': 'pires', 'date_of_birth': 'nov 2017'}, {'id': 8468298, 'first_name': 'TesterFeleia', 'middle_name': 'Checking', 'last_name': 'Learning', 'date_of_birth': '11/16/2020'}, {'id': 8468297, 'first_name': 'TesterFeleia', 'middle_name': 'Checking', 'last_name': 'Learning', 'date_of_birth': '11/16/2023'}, {'id': 8468296, 'first_name': 'TesterFeleia', 'middle_name': 'Checking', 'last_name': 'Learning', 'date_of_birth': '11/16/2023'}, {'id': 8468295, 'first_name': 'TesterFeleia', 'middle_name': 'Checking', 'last_name': 'Learning', 'date_of_birth': '11/16/2023'}, {'id': 8468294, 'first_name': 'TesterFeleia', 'middle_name': 'Checking', 'last_name': 'Learning', 'date_of_birth': '11/16/2023'}, {'id': 8468293, 'first_name': 'Chipie', 'middle_name': 'sample string 3', 'last_name': 'sample string 4', 'date_of_birth': 'sample string 5'}, {'id': 8468291, 'first_name': 'Jay', 'middle_name': 'Lee', 'last_name': 'Tester', 'date_of_birth': '01/05/1989'}]</msg>
<status status="PASS" starttime="20231117 17:22:21.600" endtime="20231117 17:22:21.615"/>
</kw>
<kw name="Log To Console" library="BuiltIn">
<arg>${response.content}</arg>
<doc>Logs the given message to the console.</doc>
<status status="PASS" starttime="20231117 17:22:21.615" endtime="20231117 17:22:21.637"/>
</kw>
<tag>get</tag>
<status status="PASS" starttime="20231117 17:22:19.344" endtime="20231117 17:22:21.637"/>
</test>
<test id="s1-t2" name="TC_002_Get_Request_Student_Details" line="25">
<kw name="Create Session" library="RequestsLibrary">
<arg>Get Student Details</arg>
<arg>${Base_URL}</arg>
<doc>Create Session: create a HTTP session to a server</doc>
<msg timestamp="20231117 17:22:21.637" level="INFO">Creating Session using : alias=Get Student Details, url=https://thetestingworldapi.com/, headers={},                     cookies={}, auth=None, timeout=None, proxies=None, verify=False,                     debug=0 </msg>
<status status="PASS" starttime="20231117 17:22:21.637" endtime="20231117 17:22:21.637"/>
</kw>
<kw name="Catenate" library="BuiltIn">
<var>${student_API}</var>
<arg>${Get_Student}${StudentId}</arg>
<doc>Catenates the given items together and returns the resulted string.</doc>
<msg timestamp="20231117 17:22:21.637" level="INFO">${student_API} = api/studentsDetails/8434174</msg>
<status status="PASS" starttime="20231117 17:22:21.637" endtime="20231117 17:22:21.637"/>
</kw>
<kw name="GET On Session" library="RequestsLibrary">
<var>${response}</var>
<arg>Get Student Details</arg>
<arg>${student_API}</arg>
<doc>Sends a GET request on a previously created HTTP Session.</doc>
<msg timestamp="20231117 17:22:21.753" level="INFO">GET Request : url=https://thetestingworldapi.com/api/studentsDetails/8434174 
 path_url=/api/studentsDetails/8434174 
 headers={'User-Agent': 'python-requests/2.31.0', 'Accept-Encoding': 'gzip, deflate', 'Accept': '*/*', 'Connection': 'keep-alive'} 
 body=None 
 </msg>
<msg timestamp="20231117 17:22:21.753" level="INFO">GET Response : url=https://thetestingworldapi.com/api/studentsDetails/8434174 
 status=200, reason=OK 
 headers={'Cache-Control': 'no-cache', 'Pragma': 'no-cache', 'Content-Type': 'application/json; charset=utf-8', 'Expires': '-1', 'Server': 'Microsoft-IIS/10.0', 'X-AspNet-Version': '4.0.30319', 'X-Powered-By': 'ASP.NET', 'X-Powered-By-Plesk': 'PleskWin', 'Date': 'Fri, 17 Nov 2023 11:52:21 GMT', 'Content-Length': '137'} 
 body={"status":"true","data":{"id":8434174,"first_name":"FName13","middle_name":"MName13","last_name":"LName13","date_of_birth":"06/19/1999"}} 
 </msg>
<msg timestamp="20231117 17:22:21.753" level="INFO">e:\interviewpreparations\python\robotautomation\venv\lib\site-packages\urllib3\connectionpool.py:1095: InsecureRequestWarning: Unverified HTTPS request is being made to host 'thetestingworldapi.com'. Adding certificate verification is strongly advised. See: https://urllib3.readthedocs.io/en/latest/advanced-usage.html#tls-warnings
  warnings.warn(</msg>
<msg timestamp="20231117 17:22:21.753" level="INFO">${response} = &lt;Response [200]&gt;</msg>
<status status="PASS" starttime="20231117 17:22:21.653" endtime="20231117 17:22:21.753"/>
</kw>
<kw name="Log" library="BuiltIn">
<arg>${response}</arg>
<doc>Logs the given message with the given level.</doc>
<msg timestamp="20231117 17:22:21.753" level="INFO">&lt;Response [200]&gt;</msg>
<status status="PASS" starttime="20231117 17:22:21.753" endtime="20231117 17:22:21.753"/>
</kw>
<kw name="Convert To String" library="BuiltIn">
<var>${statuscode}</var>
<arg>${response.status_code}</arg>
<doc>Converts the given item to a Unicode string.</doc>
<msg timestamp="20231117 17:22:21.769" level="INFO">${statuscode} = 200</msg>
<status status="PASS" starttime="20231117 17:22:21.753" endtime="20231117 17:22:21.769"/>
</kw>
<kw name="Should Be Equal" library="BuiltIn">
<arg>${statuscode}</arg>
<arg>200</arg>
<doc>Fails if the given objects are unequal.</doc>
<status status="PASS" starttime="20231117 17:22:21.769" endtime="20231117 17:22:21.769"/>
</kw>
<kw name="Should Be Equal As Strings" library="BuiltIn">
<arg>OK</arg>
<arg>${response.reason}</arg>
<doc>Fails if objects are unequal after converting them to strings.</doc>
<status status="PASS" starttime="20231117 17:22:21.769" endtime="20231117 17:22:21.769"/>
</kw>
<kw name="Should Be Equal As Strings" library="BuiltIn">
<arg>200</arg>
<arg>${response.reason}</arg>
<doc>Fails if objects are unequal after converting them to strings.</doc>
<msg timestamp="20231117 17:22:21.769" level="FAIL">200 != OK</msg>
<status status="FAIL" starttime="20231117 17:22:21.769" endtime="20231117 17:22:21.769"/>
</kw>
<tag>get</tag>
<status status="FAIL" starttime="20231117 17:22:21.637" endtime="20231117 17:22:21.769">200 != OK</status>
</test>
<test id="s1-t3" name="TC_003_With_GET_Keyword" line="40">
<kw name="Create Session" library="RequestsLibrary">
<arg>Get Student Details</arg>
<arg>${Base_URL}</arg>
<doc>Create Session: create a HTTP session to a server</doc>
<msg timestamp="20231117 17:22:21.785" level="INFO">Creating Session using : alias=Get Student Details, url=https://thetestingworldapi.com/, headers={},                     cookies={}, auth=None, timeout=None, proxies=None, verify=False,                     debug=0 </msg>
<status status="PASS" starttime="20231117 17:22:21.785" endtime="20231117 17:22:21.785"/>
</kw>
<kw name="Catenate" library="BuiltIn">
<var>${student_API}</var>
<arg>${Base_URL}${Get_Student}${StudentId}</arg>
<doc>Catenates the given items together and returns the resulted string.</doc>
<msg timestamp="20231117 17:22:21.785" level="INFO">${student_API} = https://thetestingworldapi.com/api/studentsDetails/8434174</msg>
<status status="PASS" starttime="20231117 17:22:21.785" endtime="20231117 17:22:21.785"/>
</kw>
<kw name="GET" library="RequestsLibrary">
<var>${response}</var>
<arg>${student_API}</arg>
<doc>Sends a GET request.</doc>
<msg timestamp="20231117 17:22:21.885" level="INFO">GET Request : url=https://thetestingworldapi.com/api/studentsDetails/8434174 
 path_url=/api/studentsDetails/8434174 
 headers={'User-Agent': 'python-requests/2.31.0', 'Accept-Encoding': 'gzip, deflate', 'Accept': '*/*', 'Connection': 'keep-alive'} 
 body=None 
 </msg>
<msg timestamp="20231117 17:22:21.885" level="INFO">GET Response : url=https://thetestingworldapi.com/api/studentsDetails/8434174 
 status=200, reason=OK 
 headers={'Cache-Control': 'no-cache', 'Pragma': 'no-cache', 'Content-Type': 'application/json; charset=utf-8', 'Expires': '-1', 'Server': 'Microsoft-IIS/10.0', 'X-AspNet-Version': '4.0.30319', 'X-Powered-By': 'ASP.NET', 'X-Powered-By-Plesk': 'PleskWin', 'Date': 'Fri, 17 Nov 2023 11:52:21 GMT', 'Content-Length': '137'} 
 body={"status":"true","data":{"id":8434174,"first_name":"FName13","middle_name":"MName13","last_name":"LName13","date_of_birth":"06/19/1999"}} 
 </msg>
<msg timestamp="20231117 17:22:21.885" level="INFO">${response} = &lt;Response [200]&gt;</msg>
<status status="PASS" starttime="20231117 17:22:21.785" endtime="20231117 17:22:21.885"/>
</kw>
<kw name="Log" library="BuiltIn">
<arg>${response}</arg>
<doc>Logs the given message with the given level.</doc>
<msg timestamp="20231117 17:22:21.885" level="INFO">&lt;Response [200]&gt;</msg>
<status status="PASS" starttime="20231117 17:22:21.885" endtime="20231117 17:22:21.901"/>
</kw>
<kw name="Status Should Be" library="RequestsLibrary">
<arg>OK</arg>
<arg>${response}</arg>
<doc>Fails if response status code is different than the expected.</doc>
<status status="PASS" starttime="20231117 17:22:21.901" endtime="20231117 17:22:21.901"/>
</kw>
<tag>get</tag>
<status status="PASS" starttime="20231117 17:22:21.785" endtime="20231117 17:22:21.901"/>
</test>
<test id="s1-t4" name="TC_004_JSONValidation" line="51">
<kw name="Create Session" library="RequestsLibrary">
<arg>Get Student Details</arg>
<arg>${Base_URL}</arg>
<doc>Create Session: create a HTTP session to a server</doc>
<msg timestamp="20231117 17:22:21.901" level="INFO">Creating Session using : alias=Get Student Details, url=https://thetestingworldapi.com/, headers={},                     cookies={}, auth=None, timeout=None, proxies=None, verify=False,                     debug=0 </msg>
<status status="PASS" starttime="20231117 17:22:21.901" endtime="20231117 17:22:21.901"/>
</kw>
<kw name="Catenate" library="BuiltIn">
<var>${student_API}</var>
<arg>${Base_URL}${Get_Student}${StudentId}</arg>
<doc>Catenates the given items together and returns the resulted string.</doc>
<msg timestamp="20231117 17:22:21.901" level="INFO">${student_API} = https://thetestingworldapi.com/api/studentsDetails/8434174</msg>
<status status="PASS" starttime="20231117 17:22:21.901" endtime="20231117 17:22:21.901"/>
</kw>
<kw name="GET" library="RequestsLibrary">
<var>${response}</var>
<arg>${student_API}</arg>
<doc>Sends a GET request.</doc>
<msg timestamp="20231117 17:22:21.970" level="INFO">GET Request : url=https://thetestingworldapi.com/api/studentsDetails/8434174 
 path_url=/api/studentsDetails/8434174 
 headers={'User-Agent': 'python-requests/2.31.0', 'Accept-Encoding': 'gzip, deflate', 'Accept': '*/*', 'Connection': 'keep-alive'} 
 body=None 
 </msg>
<msg timestamp="20231117 17:22:21.970" level="INFO">GET Response : url=https://thetestingworldapi.com/api/studentsDetails/8434174 
 status=200, reason=OK 
 headers={'Cache-Control': 'no-cache', 'Pragma': 'no-cache', 'Content-Type': 'application/json; charset=utf-8', 'Expires': '-1', 'Server': 'Microsoft-IIS/10.0', 'X-AspNet-Version': '4.0.30319', 'X-Powered-By': 'ASP.NET', 'X-Powered-By-Plesk': 'PleskWin', 'Date': 'Fri, 17 Nov 2023 11:52:21 GMT', 'Content-Length': '137'} 
 body={"status":"true","data":{"id":8434174,"first_name":"FName13","middle_name":"MName13","last_name":"LName13","date_of_birth":"06/19/1999"}} 
 </msg>
<msg timestamp="20231117 17:22:21.970" level="INFO">${response} = &lt;Response [200]&gt;</msg>
<status status="PASS" starttime="20231117 17:22:21.901" endtime="20231117 17:22:21.970"/>
</kw>
<kw name="Log To Console" library="BuiltIn">
<arg>${response.content}</arg>
<doc>Logs the given message to the console.</doc>
<status status="PASS" starttime="20231117 17:22:21.985" endtime="20231117 17:22:21.985"/>
</kw>
<kw name="Status Should Be" library="RequestsLibrary">
<arg>200</arg>
<arg>${response}</arg>
<doc>Fails if response status code is different than the expected.</doc>
<status status="PASS" starttime="20231117 17:22:21.985" endtime="20231117 17:22:21.985"/>
</kw>
<kw name="Convert String To Json" library="JSONLibrary">
<var>${jsonResponse}</var>
<arg>${response.content}</arg>
<doc>Convert String to JSON object</doc>
<msg timestamp="20231117 17:22:21.985" level="INFO">${jsonResponse} = {'status': 'true', 'data': {'id': 8434174, 'first_name': 'FName13', 'middle_name': 'MName13', 'last_name': 'LName13', 'date_of_birth': '06/19/1999'}}</msg>
<status status="PASS" starttime="20231117 17:22:21.985" endtime="20231117 17:22:21.985"/>
</kw>
<kw name="Get Value From Json" library="JSONLibrary">
<var>@{firstname_list}</var>
<arg>${jsonResponse}</arg>
<arg>data.first_name</arg>
<doc>Get Value From JSON using JSONPath</doc>
<msg timestamp="20231117 17:22:22.086" level="INFO">@{firstname_list} = [ FName13 ]</msg>
<status status="PASS" starttime="20231117 17:22:21.985" endtime="20231117 17:22:22.086"/>
</kw>
<kw name="Get From List" library="Collections">
<var>${first_name}</var>
<arg>${firstname_list}</arg>
<arg>-1</arg>
<doc>Returns the value specified with an ``index`` from ``list``.</doc>
<msg timestamp="20231117 17:22:22.086" level="INFO">${first_name} = FName13</msg>
<status status="PASS" starttime="20231117 17:22:22.086" endtime="20231117 17:22:22.086"/>
</kw>
<kw name="Should Be Equal" library="BuiltIn">
<arg>${firstname}</arg>
<arg>FName131</arg>
<arg>Actual value is Wrong</arg>
<doc>Fails if the given objects are unequal.</doc>
<msg timestamp="20231117 17:22:22.086" level="FAIL">Actual value is Wrong: FName13 != FName131</msg>
<status status="FAIL" starttime="20231117 17:22:22.086" endtime="20231117 17:22:22.086"/>
</kw>
<status status="FAIL" starttime="20231117 17:22:21.901" endtime="20231117 17:22:22.086">Actual value is Wrong: FName13 != FName131</status>
</test>
<status status="FAIL" starttime="20231117 17:22:18.937" endtime="20231117 17:22:22.086"/>
</suite>
<statistics>
<total>
<stat pass="2" fail="2" skip="0">All Tests</stat>
</total>
<tag>
<stat pass="2" fail="1" skip="0">get</stat>
</tag>
<suite>
<stat pass="2" fail="2" skip="0" id="s1" name="Get Request">Get Request</stat>
</suite>
</statistics>
<errors>
</errors>
</robot>
